[0.162s] DEBUG:colcon:Command line arguments: ['/usr/bin/colcon', 'build']
[0.162s] DEBUG:colcon:Parsed command line arguments: Namespace(log_base=None, log_level=None, verb_name='build', build_base='build', install_base='install', merge_install=False, symlink_install=False, test_result_base=None, continue_on_error=False, executor='parallel', parallel_workers=6, event_handlers=None, ignore_user_meta=False, metas=['./colcon.meta'], base_paths=['.'], packages_ignore=None, packages_ignore_regex=None, paths=None, packages_up_to=None, packages_up_to_regex=None, packages_above=None, packages_above_and_dependencies=None, packages_above_depth=None, packages_select_by_dep=None, packages_skip_by_dep=None, packages_skip_up_to=None, packages_select_build_failed=False, packages_skip_build_finished=False, packages_select_test_failures=False, packages_skip_test_passed=False, packages_select=None, packages_skip=None, packages_select_regex=None, packages_skip_regex=None, packages_start=None, packages_end=None, allow_overriding=[], cmake_args=None, cmake_target=None, cmake_target_skip_unavailable=False, cmake_clean_cache=False, cmake_clean_first=False, cmake_force_configure=False, ament_cmake_args=None, catkin_cmake_args=None, catkin_skip_building_tests=False, verb_parser=<colcon_defaults.argument_parser.defaults.DefaultArgumentsDecorator object at 0xffffa19939a0>, verb_extension=<colcon_core.verb.build.BuildVerb object at 0xffffa1992b60>, main=<bound method BuildVerb.main of <colcon_core.verb.build.BuildVerb object at 0xffffa1992b60>>)
[0.346s] Level 1:colcon.colcon_core.package_discovery:discover_packages(colcon_meta) check parameters
[0.346s] Level 1:colcon.colcon_core.package_discovery:discover_packages(recursive) check parameters
[0.346s] Level 1:colcon.colcon_core.package_discovery:discover_packages(ignore) check parameters
[0.346s] Level 1:colcon.colcon_core.package_discovery:discover_packages(path) check parameters
[0.346s] Level 1:colcon.colcon_core.package_discovery:discover_packages(colcon_meta) discover
[0.346s] Level 1:colcon.colcon_core.package_discovery:discover_packages(recursive) discover
[0.346s] INFO:colcon.colcon_core.package_discovery:Crawling recursively for packages in '/home/huhao/rm_vision'
[0.346s] Level 1:colcon.colcon_core.package_identification:_identify(.) by extensions ['ignore', 'ignore_ament_install']
[0.346s] Level 1:colcon.colcon_core.package_identification:_identify(.) by extension 'ignore'
[0.346s] Level 1:colcon.colcon_core.package_identification:_identify(.) by extension 'ignore_ament_install'
[0.346s] Level 1:colcon.colcon_core.package_identification:_identify(.) by extensions ['colcon_pkg']
[0.346s] Level 1:colcon.colcon_core.package_identification:_identify(.) by extension 'colcon_pkg'
[0.346s] Level 1:colcon.colcon_core.package_identification:_identify(.) by extensions ['colcon_meta']
[0.346s] Level 1:colcon.colcon_core.package_identification:_identify(.) by extension 'colcon_meta'
[0.346s] Level 1:colcon.colcon_core.package_identification:_identify(.) by extensions ['ros']
[0.346s] Level 1:colcon.colcon_core.package_identification:_identify(.) by extension 'ros'
[0.357s] Level 1:colcon.colcon_core.package_identification:_identify(.) by extensions ['cmake', 'python']
[0.357s] Level 1:colcon.colcon_core.package_identification:_identify(.) by extension 'cmake'
[0.357s] Level 1:colcon.colcon_core.package_identification:_identify(.) by extension 'python'
[0.357s] Level 1:colcon.colcon_core.package_identification:_identify(.) by extensions ['python_setup_py']
[0.357s] Level 1:colcon.colcon_core.package_identification:_identify(.) by extension 'python_setup_py'
[0.357s] Level 1:colcon.colcon_core.package_identification:_identify(build) by extensions ['ignore', 'ignore_ament_install']
[0.357s] Level 1:colcon.colcon_core.package_identification:_identify(build) by extension 'ignore'
[0.357s] Level 1:colcon.colcon_core.package_identification:_identify(build) ignored
[0.357s] Level 1:colcon.colcon_core.package_identification:_identify(camera) by extensions ['ignore', 'ignore_ament_install']
[0.357s] Level 1:colcon.colcon_core.package_identification:_identify(camera) by extension 'ignore'
[0.357s] Level 1:colcon.colcon_core.package_identification:_identify(camera) by extension 'ignore_ament_install'
[0.357s] Level 1:colcon.colcon_core.package_identification:_identify(camera) by extensions ['colcon_pkg']
[0.357s] Level 1:colcon.colcon_core.package_identification:_identify(camera) by extension 'colcon_pkg'
[0.357s] Level 1:colcon.colcon_core.package_identification:_identify(camera) by extensions ['colcon_meta']
[0.357s] Level 1:colcon.colcon_core.package_identification:_identify(camera) by extension 'colcon_meta'
[0.357s] Level 1:colcon.colcon_core.package_identification:_identify(camera) by extensions ['ros']
[0.357s] Level 1:colcon.colcon_core.package_identification:_identify(camera) by extension 'ros'
[0.360s] DEBUG:colcon.colcon_core.package_identification:Package 'camera' with type 'ros.ament_cmake' and name 'camera'
[0.360s] Level 1:colcon.colcon_core.package_identification:_identify(change_to_autoaim) by extensions ['ignore', 'ignore_ament_install']
[0.360s] Level 1:colcon.colcon_core.package_identification:_identify(change_to_autoaim) by extension 'ignore'
[0.360s] Level 1:colcon.colcon_core.package_identification:_identify(change_to_autoaim) by extension 'ignore_ament_install'
[0.360s] Level 1:colcon.colcon_core.package_identification:_identify(change_to_autoaim) by extensions ['colcon_pkg']
[0.360s] Level 1:colcon.colcon_core.package_identification:_identify(change_to_autoaim) by extension 'colcon_pkg'
[0.361s] Level 1:colcon.colcon_core.package_identification:_identify(change_to_autoaim) by extensions ['colcon_meta']
[0.361s] Level 1:colcon.colcon_core.package_identification:_identify(change_to_autoaim) by extension 'colcon_meta'
[0.361s] Level 1:colcon.colcon_core.package_identification:_identify(change_to_autoaim) by extensions ['ros']
[0.361s] Level 1:colcon.colcon_core.package_identification:_identify(change_to_autoaim) by extension 'ros'
[0.361s] DEBUG:colcon.colcon_core.package_identification:Package 'change_to_autoaim' with type 'ros.ament_cmake' and name 'change_to_autoaim'
[0.361s] Level 1:colcon.colcon_core.package_identification:_identify(gary_msgs) by extensions ['ignore', 'ignore_ament_install']
[0.361s] Level 1:colcon.colcon_core.package_identification:_identify(gary_msgs) by extension 'ignore'
[0.361s] Level 1:colcon.colcon_core.package_identification:_identify(gary_msgs) by extension 'ignore_ament_install'
[0.361s] Level 1:colcon.colcon_core.package_identification:_identify(gary_msgs) by extensions ['colcon_pkg']
[0.361s] Level 1:colcon.colcon_core.package_identification:_identify(gary_msgs) by extension 'colcon_pkg'
[0.361s] Level 1:colcon.colcon_core.package_identification:_identify(gary_msgs) by extensions ['colcon_meta']
[0.361s] Level 1:colcon.colcon_core.package_identification:_identify(gary_msgs) by extension 'colcon_meta'
[0.361s] Level 1:colcon.colcon_core.package_identification:_identify(gary_msgs) by extensions ['ros']
[0.361s] Level 1:colcon.colcon_core.package_identification:_identify(gary_msgs) by extension 'ros'
[0.362s] DEBUG:colcon.colcon_core.package_identification:Package 'gary_msgs' with type 'ros.ament_cmake' and name 'gary_msgs'
[0.362s] Level 1:colcon.colcon_core.package_identification:_identify(install) by extensions ['ignore', 'ignore_ament_install']
[0.362s] Level 1:colcon.colcon_core.package_identification:_identify(install) by extension 'ignore'
[0.362s] Level 1:colcon.colcon_core.package_identification:_identify(install) ignored
[0.362s] Level 1:colcon.colcon_core.package_identification:_identify(log) by extensions ['ignore', 'ignore_ament_install']
[0.362s] Level 1:colcon.colcon_core.package_identification:_identify(log) by extension 'ignore'
[0.362s] Level 1:colcon.colcon_core.package_identification:_identify(log) ignored
[0.362s] Level 1:colcon.colcon_core.package_identification:_identify(rm_auto_aim) by extensions ['ignore', 'ignore_ament_install']
[0.362s] Level 1:colcon.colcon_core.package_identification:_identify(rm_auto_aim) by extension 'ignore'
[0.362s] Level 1:colcon.colcon_core.package_identification:_identify(rm_auto_aim) by extension 'ignore_ament_install'
[0.362s] Level 1:colcon.colcon_core.package_identification:_identify(rm_auto_aim) by extensions ['colcon_pkg']
[0.362s] Level 1:colcon.colcon_core.package_identification:_identify(rm_auto_aim) by extension 'colcon_pkg'
[0.362s] Level 1:colcon.colcon_core.package_identification:_identify(rm_auto_aim) by extensions ['colcon_meta']
[0.362s] Level 1:colcon.colcon_core.package_identification:_identify(rm_auto_aim) by extension 'colcon_meta'
[0.362s] Level 1:colcon.colcon_core.package_identification:_identify(rm_auto_aim) by extensions ['ros']
[0.362s] Level 1:colcon.colcon_core.package_identification:_identify(rm_auto_aim) by extension 'ros'
[0.362s] Level 1:colcon.colcon_core.package_identification:_identify(rm_auto_aim) by extensions ['cmake', 'python']
[0.362s] Level 1:colcon.colcon_core.package_identification:_identify(rm_auto_aim) by extension 'cmake'
[0.362s] Level 1:colcon.colcon_core.package_identification:_identify(rm_auto_aim) by extension 'python'
[0.362s] Level 1:colcon.colcon_core.package_identification:_identify(rm_auto_aim) by extensions ['python_setup_py']
[0.362s] Level 1:colcon.colcon_core.package_identification:_identify(rm_auto_aim) by extension 'python_setup_py'
[0.362s] Level 1:colcon.colcon_core.package_identification:_identify(rm_auto_aim/armor_detector) by extensions ['ignore', 'ignore_ament_install']
[0.363s] Level 1:colcon.colcon_core.package_identification:_identify(rm_auto_aim/armor_detector) by extension 'ignore'
[0.363s] Level 1:colcon.colcon_core.package_identification:_identify(rm_auto_aim/armor_detector) by extension 'ignore_ament_install'
[0.363s] Level 1:colcon.colcon_core.package_identification:_identify(rm_auto_aim/armor_detector) by extensions ['colcon_pkg']
[0.363s] Level 1:colcon.colcon_core.package_identification:_identify(rm_auto_aim/armor_detector) by extension 'colcon_pkg'
[0.363s] Level 1:colcon.colcon_core.package_identification:_identify(rm_auto_aim/armor_detector) by extensions ['colcon_meta']
[0.363s] Level 1:colcon.colcon_core.package_identification:_identify(rm_auto_aim/armor_detector) by extension 'colcon_meta'
[0.363s] Level 1:colcon.colcon_core.package_identification:_identify(rm_auto_aim/armor_detector) by extensions ['ros']
[0.363s] Level 1:colcon.colcon_core.package_identification:_identify(rm_auto_aim/armor_detector) by extension 'ros'
[0.363s] DEBUG:colcon.colcon_core.package_identification:Package 'rm_auto_aim/armor_detector' with type 'ros.ament_cmake' and name 'armor_detector'
[0.364s] Level 1:colcon.colcon_core.package_identification:_identify(rm_auto_aim/armor_tracker) by extensions ['ignore', 'ignore_ament_install']
[0.364s] Level 1:colcon.colcon_core.package_identification:_identify(rm_auto_aim/armor_tracker) by extension 'ignore'
[0.364s] Level 1:colcon.colcon_core.package_identification:_identify(rm_auto_aim/armor_tracker) by extension 'ignore_ament_install'
[0.364s] Level 1:colcon.colcon_core.package_identification:_identify(rm_auto_aim/armor_tracker) by extensions ['colcon_pkg']
[0.364s] Level 1:colcon.colcon_core.package_identification:_identify(rm_auto_aim/armor_tracker) by extension 'colcon_pkg'
[0.364s] Level 1:colcon.colcon_core.package_identification:_identify(rm_auto_aim/armor_tracker) by extensions ['colcon_meta']
[0.364s] Level 1:colcon.colcon_core.package_identification:_identify(rm_auto_aim/armor_tracker) by extension 'colcon_meta'
[0.364s] Level 1:colcon.colcon_core.package_identification:_identify(rm_auto_aim/armor_tracker) by extensions ['ros']
[0.364s] Level 1:colcon.colcon_core.package_identification:_identify(rm_auto_aim/armor_tracker) by extension 'ros'
[0.364s] DEBUG:colcon.colcon_core.package_identification:Package 'rm_auto_aim/armor_tracker' with type 'ros.ament_cmake' and name 'armor_tracker'
[0.364s] Level 1:colcon.colcon_core.package_identification:_identify(rm_auto_aim/auto_aim_interfaces) by extensions ['ignore', 'ignore_ament_install']
[0.365s] Level 1:colcon.colcon_core.package_identification:_identify(rm_auto_aim/auto_aim_interfaces) by extension 'ignore'
[0.365s] Level 1:colcon.colcon_core.package_identification:_identify(rm_auto_aim/auto_aim_interfaces) by extension 'ignore_ament_install'
[0.365s] Level 1:colcon.colcon_core.package_identification:_identify(rm_auto_aim/auto_aim_interfaces) by extensions ['colcon_pkg']
[0.365s] Level 1:colcon.colcon_core.package_identification:_identify(rm_auto_aim/auto_aim_interfaces) by extension 'colcon_pkg'
[0.365s] Level 1:colcon.colcon_core.package_identification:_identify(rm_auto_aim/auto_aim_interfaces) by extensions ['colcon_meta']
[0.365s] Level 1:colcon.colcon_core.package_identification:_identify(rm_auto_aim/auto_aim_interfaces) by extension 'colcon_meta'
[0.365s] Level 1:colcon.colcon_core.package_identification:_identify(rm_auto_aim/auto_aim_interfaces) by extensions ['ros']
[0.365s] Level 1:colcon.colcon_core.package_identification:_identify(rm_auto_aim/auto_aim_interfaces) by extension 'ros'
[0.365s] DEBUG:colcon.colcon_core.package_identification:Package 'rm_auto_aim/auto_aim_interfaces' with type 'ros.ament_cmake' and name 'auto_aim_interfaces'
[0.365s] Level 1:colcon.colcon_core.package_identification:_identify(rm_auto_aim/docs) by extensions ['ignore', 'ignore_ament_install']
[0.365s] Level 1:colcon.colcon_core.package_identification:_identify(rm_auto_aim/docs) by extension 'ignore'
[0.365s] Level 1:colcon.colcon_core.package_identification:_identify(rm_auto_aim/docs) by extension 'ignore_ament_install'
[0.365s] Level 1:colcon.colcon_core.package_identification:_identify(rm_auto_aim/docs) by extensions ['colcon_pkg']
[0.366s] Level 1:colcon.colcon_core.package_identification:_identify(rm_auto_aim/docs) by extension 'colcon_pkg'
[0.366s] Level 1:colcon.colcon_core.package_identification:_identify(rm_auto_aim/docs) by extensions ['colcon_meta']
[0.366s] Level 1:colcon.colcon_core.package_identification:_identify(rm_auto_aim/docs) by extension 'colcon_meta'
[0.366s] Level 1:colcon.colcon_core.package_identification:_identify(rm_auto_aim/docs) by extensions ['ros']
[0.366s] Level 1:colcon.colcon_core.package_identification:_identify(rm_auto_aim/docs) by extension 'ros'
[0.366s] Level 1:colcon.colcon_core.package_identification:_identify(rm_auto_aim/docs) by extensions ['cmake', 'python']
[0.366s] Level 1:colcon.colcon_core.package_identification:_identify(rm_auto_aim/docs) by extension 'cmake'
[0.366s] Level 1:colcon.colcon_core.package_identification:_identify(rm_auto_aim/docs) by extension 'python'
[0.366s] Level 1:colcon.colcon_core.package_identification:_identify(rm_auto_aim/docs) by extensions ['python_setup_py']
[0.366s] Level 1:colcon.colcon_core.package_identification:_identify(rm_auto_aim/docs) by extension 'python_setup_py'
[0.366s] Level 1:colcon.colcon_core.package_identification:_identify(rm_auto_aim/rm_auto_aim) by extensions ['ignore', 'ignore_ament_install']
[0.366s] Level 1:colcon.colcon_core.package_identification:_identify(rm_auto_aim/rm_auto_aim) by extension 'ignore'
[0.366s] Level 1:colcon.colcon_core.package_identification:_identify(rm_auto_aim/rm_auto_aim) by extension 'ignore_ament_install'
[0.366s] Level 1:colcon.colcon_core.package_identification:_identify(rm_auto_aim/rm_auto_aim) by extensions ['colcon_pkg']
[0.366s] Level 1:colcon.colcon_core.package_identification:_identify(rm_auto_aim/rm_auto_aim) by extension 'colcon_pkg'
[0.366s] Level 1:colcon.colcon_core.package_identification:_identify(rm_auto_aim/rm_auto_aim) by extensions ['colcon_meta']
[0.366s] Level 1:colcon.colcon_core.package_identification:_identify(rm_auto_aim/rm_auto_aim) by extension 'colcon_meta'
[0.366s] Level 1:colcon.colcon_core.package_identification:_identify(rm_auto_aim/rm_auto_aim) by extensions ['ros']
[0.366s] Level 1:colcon.colcon_core.package_identification:_identify(rm_auto_aim/rm_auto_aim) by extension 'ros'
[0.366s] DEBUG:colcon.colcon_core.package_identification:Package 'rm_auto_aim/rm_auto_aim' with type 'ros.ament_cmake' and name 'rm_auto_aim'
[0.366s] Level 1:colcon.colcon_core.package_identification:_identify(rm_gimbal_description) by extensions ['ignore', 'ignore_ament_install']
[0.366s] Level 1:colcon.colcon_core.package_identification:_identify(rm_gimbal_description) by extension 'ignore'
[0.366s] Level 1:colcon.colcon_core.package_identification:_identify(rm_gimbal_description) by extension 'ignore_ament_install'
[0.367s] Level 1:colcon.colcon_core.package_identification:_identify(rm_gimbal_description) by extensions ['colcon_pkg']
[0.367s] Level 1:colcon.colcon_core.package_identification:_identify(rm_gimbal_description) by extension 'colcon_pkg'
[0.367s] Level 1:colcon.colcon_core.package_identification:_identify(rm_gimbal_description) by extensions ['colcon_meta']
[0.367s] Level 1:colcon.colcon_core.package_identification:_identify(rm_gimbal_description) by extension 'colcon_meta'
[0.367s] Level 1:colcon.colcon_core.package_identification:_identify(rm_gimbal_description) by extensions ['ros']
[0.367s] Level 1:colcon.colcon_core.package_identification:_identify(rm_gimbal_description) by extension 'ros'
[0.367s] DEBUG:colcon.colcon_core.package_identification:Package 'rm_gimbal_description' with type 'ros.ament_cmake' and name 'rm_gimbal_description'
[0.367s] Level 1:colcon.colcon_core.package_identification:_identify(tf_change) by extensions ['ignore', 'ignore_ament_install']
[0.367s] Level 1:colcon.colcon_core.package_identification:_identify(tf_change) by extension 'ignore'
[0.367s] Level 1:colcon.colcon_core.package_identification:_identify(tf_change) by extension 'ignore_ament_install'
[0.367s] Level 1:colcon.colcon_core.package_identification:_identify(tf_change) by extensions ['colcon_pkg']
[0.367s] Level 1:colcon.colcon_core.package_identification:_identify(tf_change) by extension 'colcon_pkg'
[0.367s] Level 1:colcon.colcon_core.package_identification:_identify(tf_change) by extensions ['colcon_meta']
[0.367s] Level 1:colcon.colcon_core.package_identification:_identify(tf_change) by extension 'colcon_meta'
[0.367s] Level 1:colcon.colcon_core.package_identification:_identify(tf_change) by extensions ['ros']
[0.367s] Level 1:colcon.colcon_core.package_identification:_identify(tf_change) by extension 'ros'
[0.368s] DEBUG:colcon.colcon_core.package_identification:Package 'tf_change' with type 'ros.ament_cmake' and name 'joint_tf_publisher'
[0.368s] Level 1:colcon.colcon_core.package_discovery:discover_packages(recursive) using defaults
[0.368s] Level 1:colcon.colcon_core.package_discovery:discover_packages(ignore) discover
[0.368s] Level 1:colcon.colcon_core.package_discovery:discover_packages(ignore) using defaults
[0.368s] Level 1:colcon.colcon_core.package_discovery:discover_packages(path) discover
[0.368s] Level 1:colcon.colcon_core.package_discovery:discover_packages(path) using defaults
[0.397s] Level 1:colcon.colcon_core.package_discovery:discover_packages(prefix_path) check parameters
[0.397s] Level 1:colcon.colcon_core.package_discovery:discover_packages(prefix_path) discover
[0.401s] DEBUG:colcon.colcon_installed_package_information.package_discovery:Found 271 installed packages in /opt/ros/humble
[0.402s] Level 1:colcon.colcon_core.package_discovery:discover_packages(prefix_path) using defaults
[0.428s] Level 5:colcon.colcon_core.verb:set package 'auto_aim_interfaces' build argument 'cmake_args' from command line to 'None'
[0.428s] Level 5:colcon.colcon_core.verb:set package 'auto_aim_interfaces' build argument 'cmake_target' from command line to 'None'
[0.428s] Level 5:colcon.colcon_core.verb:set package 'auto_aim_interfaces' build argument 'cmake_target_skip_unavailable' from command line to 'False'
[0.428s] Level 5:colcon.colcon_core.verb:set package 'auto_aim_interfaces' build argument 'cmake_clean_cache' from command line to 'False'
[0.428s] Level 5:colcon.colcon_core.verb:set package 'auto_aim_interfaces' build argument 'cmake_clean_first' from command line to 'False'
[0.428s] Level 5:colcon.colcon_core.verb:set package 'auto_aim_interfaces' build argument 'cmake_force_configure' from command line to 'False'
[0.428s] Level 5:colcon.colcon_core.verb:set package 'auto_aim_interfaces' build argument 'ament_cmake_args' from command line to 'None'
[0.428s] Level 5:colcon.colcon_core.verb:set package 'auto_aim_interfaces' build argument 'catkin_cmake_args' from command line to 'None'
[0.428s] Level 5:colcon.colcon_core.verb:set package 'auto_aim_interfaces' build argument 'catkin_skip_building_tests' from command line to 'False'
[0.428s] DEBUG:colcon.colcon_core.verb:Building package 'auto_aim_interfaces' with the following arguments: {'ament_cmake_args': None, 'build_base': '/home/huhao/rm_vision/build/auto_aim_interfaces', 'catkin_cmake_args': None, 'catkin_skip_building_tests': False, 'cmake_args': None, 'cmake_clean_cache': False, 'cmake_clean_first': False, 'cmake_force_configure': False, 'cmake_target': None, 'cmake_target_skip_unavailable': False, 'install_base': '/home/huhao/rm_vision/install/auto_aim_interfaces', 'merge_install': False, 'path': '/home/huhao/rm_vision/rm_auto_aim/auto_aim_interfaces', 'symlink_install': False, 'test_result_base': None}
[0.429s] Level 5:colcon.colcon_core.verb:set package 'camera' build argument 'cmake_args' from command line to 'None'
[0.429s] Level 5:colcon.colcon_core.verb:set package 'camera' build argument 'cmake_target' from command line to 'None'
[0.429s] Level 5:colcon.colcon_core.verb:set package 'camera' build argument 'cmake_target_skip_unavailable' from command line to 'False'
[0.429s] Level 5:colcon.colcon_core.verb:set package 'camera' build argument 'cmake_clean_cache' from command line to 'False'
[0.429s] Level 5:colcon.colcon_core.verb:set package 'camera' build argument 'cmake_clean_first' from command line to 'False'
[0.429s] Level 5:colcon.colcon_core.verb:set package 'camera' build argument 'cmake_force_configure' from command line to 'False'
[0.429s] Level 5:colcon.colcon_core.verb:set package 'camera' build argument 'ament_cmake_args' from command line to 'None'
[0.429s] Level 5:colcon.colcon_core.verb:set package 'camera' build argument 'catkin_cmake_args' from command line to 'None'
[0.429s] Level 5:colcon.colcon_core.verb:set package 'camera' build argument 'catkin_skip_building_tests' from command line to 'False'
[0.429s] DEBUG:colcon.colcon_core.verb:Building package 'camera' with the following arguments: {'ament_cmake_args': None, 'build_base': '/home/huhao/rm_vision/build/camera', 'catkin_cmake_args': None, 'catkin_skip_building_tests': False, 'cmake_args': None, 'cmake_clean_cache': False, 'cmake_clean_first': False, 'cmake_force_configure': False, 'cmake_target': None, 'cmake_target_skip_unavailable': False, 'install_base': '/home/huhao/rm_vision/install/camera', 'merge_install': False, 'path': '/home/huhao/rm_vision/camera', 'symlink_install': False, 'test_result_base': None}
[0.429s] Level 5:colcon.colcon_core.verb:set package 'gary_msgs' build argument 'cmake_args' from command line to 'None'
[0.429s] Level 5:colcon.colcon_core.verb:set package 'gary_msgs' build argument 'cmake_target' from command line to 'None'
[0.429s] Level 5:colcon.colcon_core.verb:set package 'gary_msgs' build argument 'cmake_target_skip_unavailable' from command line to 'False'
[0.429s] Level 5:colcon.colcon_core.verb:set package 'gary_msgs' build argument 'cmake_clean_cache' from command line to 'False'
[0.429s] Level 5:colcon.colcon_core.verb:set package 'gary_msgs' build argument 'cmake_clean_first' from command line to 'False'
[0.429s] Level 5:colcon.colcon_core.verb:set package 'gary_msgs' build argument 'cmake_force_configure' from command line to 'False'
[0.429s] Level 5:colcon.colcon_core.verb:set package 'gary_msgs' build argument 'ament_cmake_args' from command line to 'None'
[0.429s] Level 5:colcon.colcon_core.verb:set package 'gary_msgs' build argument 'catkin_cmake_args' from command line to 'None'
[0.429s] Level 5:colcon.colcon_core.verb:set package 'gary_msgs' build argument 'catkin_skip_building_tests' from command line to 'False'
[0.429s] DEBUG:colcon.colcon_core.verb:Building package 'gary_msgs' with the following arguments: {'ament_cmake_args': None, 'build_base': '/home/huhao/rm_vision/build/gary_msgs', 'catkin_cmake_args': None, 'catkin_skip_building_tests': False, 'cmake_args': None, 'cmake_clean_cache': False, 'cmake_clean_first': False, 'cmake_force_configure': False, 'cmake_target': None, 'cmake_target_skip_unavailable': False, 'install_base': '/home/huhao/rm_vision/install/gary_msgs', 'merge_install': False, 'path': '/home/huhao/rm_vision/gary_msgs', 'symlink_install': False, 'test_result_base': None}
[0.429s] Level 5:colcon.colcon_core.verb:set package 'joint_tf_publisher' build argument 'cmake_args' from command line to 'None'
[0.429s] Level 5:colcon.colcon_core.verb:set package 'joint_tf_publisher' build argument 'cmake_target' from command line to 'None'
[0.429s] Level 5:colcon.colcon_core.verb:set package 'joint_tf_publisher' build argument 'cmake_target_skip_unavailable' from command line to 'False'
[0.429s] Level 5:colcon.colcon_core.verb:set package 'joint_tf_publisher' build argument 'cmake_clean_cache' from command line to 'False'
[0.429s] Level 5:colcon.colcon_core.verb:set package 'joint_tf_publisher' build argument 'cmake_clean_first' from command line to 'False'
[0.429s] Level 5:colcon.colcon_core.verb:set package 'joint_tf_publisher' build argument 'cmake_force_configure' from command line to 'False'
[0.429s] Level 5:colcon.colcon_core.verb:set package 'joint_tf_publisher' build argument 'ament_cmake_args' from command line to 'None'
[0.429s] Level 5:colcon.colcon_core.verb:set package 'joint_tf_publisher' build argument 'catkin_cmake_args' from command line to 'None'
[0.429s] Level 5:colcon.colcon_core.verb:set package 'joint_tf_publisher' build argument 'catkin_skip_building_tests' from command line to 'False'
[0.429s] DEBUG:colcon.colcon_core.verb:Building package 'joint_tf_publisher' with the following arguments: {'ament_cmake_args': None, 'build_base': '/home/huhao/rm_vision/build/joint_tf_publisher', 'catkin_cmake_args': None, 'catkin_skip_building_tests': False, 'cmake_args': None, 'cmake_clean_cache': False, 'cmake_clean_first': False, 'cmake_force_configure': False, 'cmake_target': None, 'cmake_target_skip_unavailable': False, 'install_base': '/home/huhao/rm_vision/install/joint_tf_publisher', 'merge_install': False, 'path': '/home/huhao/rm_vision/tf_change', 'symlink_install': False, 'test_result_base': None}
[0.429s] Level 5:colcon.colcon_core.verb:set package 'rm_gimbal_description' build argument 'cmake_args' from command line to 'None'
[0.429s] Level 5:colcon.colcon_core.verb:set package 'rm_gimbal_description' build argument 'cmake_target' from command line to 'None'
[0.429s] Level 5:colcon.colcon_core.verb:set package 'rm_gimbal_description' build argument 'cmake_target_skip_unavailable' from command line to 'False'
[0.430s] Level 5:colcon.colcon_core.verb:set package 'rm_gimbal_description' build argument 'cmake_clean_cache' from command line to 'False'
[0.430s] Level 5:colcon.colcon_core.verb:set package 'rm_gimbal_description' build argument 'cmake_clean_first' from command line to 'False'
[0.430s] Level 5:colcon.colcon_core.verb:set package 'rm_gimbal_description' build argument 'cmake_force_configure' from command line to 'False'
[0.430s] Level 5:colcon.colcon_core.verb:set package 'rm_gimbal_description' build argument 'ament_cmake_args' from command line to 'None'
[0.430s] Level 5:colcon.colcon_core.verb:set package 'rm_gimbal_description' build argument 'catkin_cmake_args' from command line to 'None'
[0.430s] Level 5:colcon.colcon_core.verb:set package 'rm_gimbal_description' build argument 'catkin_skip_building_tests' from command line to 'False'
[0.430s] DEBUG:colcon.colcon_core.verb:Building package 'rm_gimbal_description' with the following arguments: {'ament_cmake_args': None, 'build_base': '/home/huhao/rm_vision/build/rm_gimbal_description', 'catkin_cmake_args': None, 'catkin_skip_building_tests': False, 'cmake_args': None, 'cmake_clean_cache': False, 'cmake_clean_first': False, 'cmake_force_configure': False, 'cmake_target': None, 'cmake_target_skip_unavailable': False, 'install_base': '/home/huhao/rm_vision/install/rm_gimbal_description', 'merge_install': False, 'path': '/home/huhao/rm_vision/rm_gimbal_description', 'symlink_install': False, 'test_result_base': None}
[0.430s] Level 5:colcon.colcon_core.verb:set package 'armor_detector' build argument 'cmake_args' from command line to 'None'
[0.430s] Level 5:colcon.colcon_core.verb:set package 'armor_detector' build argument 'cmake_target' from command line to 'None'
[0.430s] Level 5:colcon.colcon_core.verb:set package 'armor_detector' build argument 'cmake_target_skip_unavailable' from command line to 'False'
[0.430s] Level 5:colcon.colcon_core.verb:set package 'armor_detector' build argument 'cmake_clean_cache' from command line to 'False'
[0.430s] Level 5:colcon.colcon_core.verb:set package 'armor_detector' build argument 'cmake_clean_first' from command line to 'False'
[0.430s] Level 5:colcon.colcon_core.verb:set package 'armor_detector' build argument 'cmake_force_configure' from command line to 'False'
[0.430s] Level 5:colcon.colcon_core.verb:set package 'armor_detector' build argument 'ament_cmake_args' from command line to 'None'
[0.430s] Level 5:colcon.colcon_core.verb:set package 'armor_detector' build argument 'catkin_cmake_args' from command line to 'None'
[0.430s] Level 5:colcon.colcon_core.verb:set package 'armor_detector' build argument 'catkin_skip_building_tests' from command line to 'False'
[0.430s] DEBUG:colcon.colcon_core.verb:Building package 'armor_detector' with the following arguments: {'ament_cmake_args': None, 'build_base': '/home/huhao/rm_vision/build/armor_detector', 'catkin_cmake_args': None, 'catkin_skip_building_tests': False, 'cmake_args': None, 'cmake_clean_cache': False, 'cmake_clean_first': False, 'cmake_force_configure': False, 'cmake_target': None, 'cmake_target_skip_unavailable': False, 'install_base': '/home/huhao/rm_vision/install/armor_detector', 'merge_install': False, 'path': '/home/huhao/rm_vision/rm_auto_aim/armor_detector', 'symlink_install': False, 'test_result_base': None}
[0.430s] Level 5:colcon.colcon_core.verb:set package 'armor_tracker' build argument 'cmake_args' from command line to 'None'
[0.430s] Level 5:colcon.colcon_core.verb:set package 'armor_tracker' build argument 'cmake_target' from command line to 'None'
[0.430s] Level 5:colcon.colcon_core.verb:set package 'armor_tracker' build argument 'cmake_target_skip_unavailable' from command line to 'False'
[0.430s] Level 5:colcon.colcon_core.verb:set package 'armor_tracker' build argument 'cmake_clean_cache' from command line to 'False'
[0.430s] Level 5:colcon.colcon_core.verb:set package 'armor_tracker' build argument 'cmake_clean_first' from command line to 'False'
[0.430s] Level 5:colcon.colcon_core.verb:set package 'armor_tracker' build argument 'cmake_force_configure' from command line to 'False'
[0.430s] Level 5:colcon.colcon_core.verb:set package 'armor_tracker' build argument 'ament_cmake_args' from command line to 'None'
[0.430s] Level 5:colcon.colcon_core.verb:set package 'armor_tracker' build argument 'catkin_cmake_args' from command line to 'None'
[0.430s] Level 5:colcon.colcon_core.verb:set package 'armor_tracker' build argument 'catkin_skip_building_tests' from command line to 'False'
[0.430s] DEBUG:colcon.colcon_core.verb:Building package 'armor_tracker' with the following arguments: {'ament_cmake_args': None, 'build_base': '/home/huhao/rm_vision/build/armor_tracker', 'catkin_cmake_args': None, 'catkin_skip_building_tests': False, 'cmake_args': None, 'cmake_clean_cache': False, 'cmake_clean_first': False, 'cmake_force_configure': False, 'cmake_target': None, 'cmake_target_skip_unavailable': False, 'install_base': '/home/huhao/rm_vision/install/armor_tracker', 'merge_install': False, 'path': '/home/huhao/rm_vision/rm_auto_aim/armor_tracker', 'symlink_install': False, 'test_result_base': None}
[0.430s] Level 5:colcon.colcon_core.verb:set package 'change_to_autoaim' build argument 'cmake_args' from command line to 'None'
[0.430s] Level 5:colcon.colcon_core.verb:set package 'change_to_autoaim' build argument 'cmake_target' from command line to 'None'
[0.430s] Level 5:colcon.colcon_core.verb:set package 'change_to_autoaim' build argument 'cmake_target_skip_unavailable' from command line to 'False'
[0.430s] Level 5:colcon.colcon_core.verb:set package 'change_to_autoaim' build argument 'cmake_clean_cache' from command line to 'False'
[0.430s] Level 5:colcon.colcon_core.verb:set package 'change_to_autoaim' build argument 'cmake_clean_first' from command line to 'False'
[0.430s] Level 5:colcon.colcon_core.verb:set package 'change_to_autoaim' build argument 'cmake_force_configure' from command line to 'False'
[0.430s] Level 5:colcon.colcon_core.verb:set package 'change_to_autoaim' build argument 'ament_cmake_args' from command line to 'None'
[0.430s] Level 5:colcon.colcon_core.verb:set package 'change_to_autoaim' build argument 'catkin_cmake_args' from command line to 'None'
[0.430s] Level 5:colcon.colcon_core.verb:set package 'change_to_autoaim' build argument 'catkin_skip_building_tests' from command line to 'False'
[0.430s] DEBUG:colcon.colcon_core.verb:Building package 'change_to_autoaim' with the following arguments: {'ament_cmake_args': None, 'build_base': '/home/huhao/rm_vision/build/change_to_autoaim', 'catkin_cmake_args': None, 'catkin_skip_building_tests': False, 'cmake_args': None, 'cmake_clean_cache': False, 'cmake_clean_first': False, 'cmake_force_configure': False, 'cmake_target': None, 'cmake_target_skip_unavailable': False, 'install_base': '/home/huhao/rm_vision/install/change_to_autoaim', 'merge_install': False, 'path': '/home/huhao/rm_vision/change_to_autoaim', 'symlink_install': False, 'test_result_base': None}
[0.431s] Level 5:colcon.colcon_core.verb:set package 'rm_auto_aim' build argument 'cmake_args' from command line to 'None'
[0.431s] Level 5:colcon.colcon_core.verb:set package 'rm_auto_aim' build argument 'cmake_target' from command line to 'None'
[0.431s] Level 5:colcon.colcon_core.verb:set package 'rm_auto_aim' build argument 'cmake_target_skip_unavailable' from command line to 'False'
[0.431s] Level 5:colcon.colcon_core.verb:set package 'rm_auto_aim' build argument 'cmake_clean_cache' from command line to 'False'
[0.431s] Level 5:colcon.colcon_core.verb:set package 'rm_auto_aim' build argument 'cmake_clean_first' from command line to 'False'
[0.431s] Level 5:colcon.colcon_core.verb:set package 'rm_auto_aim' build argument 'cmake_force_configure' from command line to 'False'
[0.431s] Level 5:colcon.colcon_core.verb:set package 'rm_auto_aim' build argument 'ament_cmake_args' from command line to 'None'
[0.431s] Level 5:colcon.colcon_core.verb:set package 'rm_auto_aim' build argument 'catkin_cmake_args' from command line to 'None'
[0.431s] Level 5:colcon.colcon_core.verb:set package 'rm_auto_aim' build argument 'catkin_skip_building_tests' from command line to 'False'
[0.431s] DEBUG:colcon.colcon_core.verb:Building package 'rm_auto_aim' with the following arguments: {'ament_cmake_args': None, 'build_base': '/home/huhao/rm_vision/build/rm_auto_aim', 'catkin_cmake_args': None, 'catkin_skip_building_tests': False, 'cmake_args': None, 'cmake_clean_cache': False, 'cmake_clean_first': False, 'cmake_force_configure': False, 'cmake_target': None, 'cmake_target_skip_unavailable': False, 'install_base': '/home/huhao/rm_vision/install/rm_auto_aim', 'merge_install': False, 'path': '/home/huhao/rm_vision/rm_auto_aim/rm_auto_aim', 'symlink_install': False, 'test_result_base': None}
[0.431s] INFO:colcon.colcon_core.executor:Executing jobs using 'parallel' executor
[0.432s] DEBUG:colcon.colcon_parallel_executor.executor.parallel:run_until_complete
[0.432s] INFO:colcon.colcon_ros.task.ament_cmake.build:Building ROS package in '/home/huhao/rm_vision/rm_auto_aim/auto_aim_interfaces' with build type 'ament_cmake'
[0.433s] INFO:colcon.colcon_cmake.task.cmake.build:Building CMake package in '/home/huhao/rm_vision/rm_auto_aim/auto_aim_interfaces'
[0.436s] INFO:colcon.colcon_core.plugin_system:Skipping extension 'colcon_core.shell.bat': Not used on non-Windows systems
[0.436s] INFO:colcon.colcon_core.shell:Skip shell extension 'powershell' for command environment: Not usable outside of PowerShell
[0.437s] DEBUG:colcon.colcon_core.shell:Skip shell extension 'dsv' for command environment
[0.439s] INFO:colcon.colcon_ros.task.ament_cmake.build:Building ROS package in '/home/huhao/rm_vision/gary_msgs' with build type 'ament_cmake'
[0.439s] INFO:colcon.colcon_cmake.task.cmake.build:Building CMake package in '/home/huhao/rm_vision/gary_msgs'
[0.439s] INFO:colcon.colcon_core.shell:Skip shell extension 'powershell' for command environment: Not usable outside of PowerShell
[0.439s] DEBUG:colcon.colcon_core.shell:Skip shell extension 'dsv' for command environment
[0.441s] INFO:colcon.colcon_ros.task.ament_cmake.build:Building ROS package in '/home/huhao/rm_vision/camera' with build type 'ament_cmake'
[0.441s] INFO:colcon.colcon_cmake.task.cmake.build:Building CMake package in '/home/huhao/rm_vision/camera'
[0.441s] INFO:colcon.colcon_core.shell:Skip shell extension 'powershell' for command environment: Not usable outside of PowerShell
[0.442s] DEBUG:colcon.colcon_core.shell:Skip shell extension 'dsv' for command environment
[0.443s] INFO:colcon.colcon_ros.task.ament_cmake.build:Building ROS package in '/home/huhao/rm_vision/tf_change' with build type 'ament_cmake'
[0.443s] INFO:colcon.colcon_cmake.task.cmake.build:Building CMake package in '/home/huhao/rm_vision/tf_change'
[0.444s] INFO:colcon.colcon_core.shell:Skip shell extension 'powershell' for command environment: Not usable outside of PowerShell
[0.444s] DEBUG:colcon.colcon_core.shell:Skip shell extension 'dsv' for command environment
[0.446s] INFO:colcon.colcon_ros.task.ament_cmake.build:Building ROS package in '/home/huhao/rm_vision/rm_gimbal_description' with build type 'ament_cmake'
[0.447s] INFO:colcon.colcon_cmake.task.cmake.build:Building CMake package in '/home/huhao/rm_vision/rm_gimbal_description'
[0.447s] INFO:colcon.colcon_core.shell:Skip shell extension 'powershell' for command environment: Not usable outside of PowerShell
[0.447s] DEBUG:colcon.colcon_core.shell:Skip shell extension 'dsv' for command environment
[0.457s] DEBUG:colcon.colcon_core.event_handler.log_command:Invoking command in '/home/huhao/rm_vision/build/auto_aim_interfaces': CMAKE_PREFIX_PATH=/opt/ros/humble /usr/bin/cmake --build /home/huhao/rm_vision/build/auto_aim_interfaces -- -j6 -l6
[0.461s] DEBUG:colcon.colcon_core.event_handler.log_command:Invoking command in '/home/huhao/rm_vision/build/gary_msgs': CMAKE_PREFIX_PATH=/opt/ros/humble /usr/bin/cmake --build /home/huhao/rm_vision/build/gary_msgs -- -j6 -l6
[0.465s] DEBUG:colcon.colcon_core.event_handler.log_command:Invoking command in '/home/huhao/rm_vision/build/camera': CMAKE_PREFIX_PATH=/opt/ros/humble /usr/bin/cmake --build /home/huhao/rm_vision/build/camera -- -j6 -l6
[0.469s] DEBUG:colcon.colcon_core.event_handler.log_command:Invoking command in '/home/huhao/rm_vision/build/joint_tf_publisher': CMAKE_PREFIX_PATH=/opt/ros/humble /usr/bin/cmake --build /home/huhao/rm_vision/build/joint_tf_publisher -- -j6 -l6
[0.488s] DEBUG:colcon.colcon_core.event_handler.log_command:Invoking command in '/home/huhao/rm_vision/build/rm_gimbal_description': CMAKE_PREFIX_PATH=/opt/ros/humble /usr/bin/cmake --build /home/huhao/rm_vision/build/rm_gimbal_description -- -j6 -l6
[0.522s] DEBUG:colcon.colcon_core.event_handler.log_command:Invoked command in '/home/huhao/rm_vision/build/rm_gimbal_description' returned '0': CMAKE_PREFIX_PATH=/opt/ros/humble /usr/bin/cmake --build /home/huhao/rm_vision/build/rm_gimbal_description -- -j6 -l6
[0.533s] DEBUG:colcon.colcon_core.event_handler.log_command:Invoking command in '/home/huhao/rm_vision/build/rm_gimbal_description': CMAKE_PREFIX_PATH=/opt/ros/humble /usr/bin/cmake --install /home/huhao/rm_vision/build/rm_gimbal_description
[0.556s] Level 1:colcon.colcon_core.environment:create_environment_scripts_only(rm_gimbal_description)
[0.556s] DEBUG:colcon.colcon_core.event_handler.log_command:Invoked command in '/home/huhao/rm_vision/build/rm_gimbal_description' returned '0': CMAKE_PREFIX_PATH=/opt/ros/humble /usr/bin/cmake --install /home/huhao/rm_vision/build/rm_gimbal_description
[0.566s] Level 1:colcon.colcon_core.environment:checking '/home/huhao/rm_vision/install/rm_gimbal_description' for CMake module files
[0.567s] Level 1:colcon.colcon_core.environment:checking '/home/huhao/rm_vision/install/rm_gimbal_description' for CMake config files
[0.567s] Level 1:colcon.colcon_core.shell:create_environment_hook('rm_gimbal_description', 'cmake_prefix_path')
[0.567s] INFO:colcon.colcon_core.shell:Creating environment hook '/home/huhao/rm_vision/install/rm_gimbal_description/share/rm_gimbal_description/hook/cmake_prefix_path.ps1'
[0.568s] INFO:colcon.colcon_core.shell:Creating environment descriptor '/home/huhao/rm_vision/install/rm_gimbal_description/share/rm_gimbal_description/hook/cmake_prefix_path.dsv'
[0.569s] INFO:colcon.colcon_core.shell:Creating environment hook '/home/huhao/rm_vision/install/rm_gimbal_description/share/rm_gimbal_description/hook/cmake_prefix_path.sh'
[0.571s] Level 1:colcon.colcon_core.environment:checking '/home/huhao/rm_vision/install/rm_gimbal_description/bin'
[0.571s] Level 1:colcon.colcon_core.environment:checking '/home/huhao/rm_vision/install/rm_gimbal_description/lib/pkgconfig/rm_gimbal_description.pc'
[0.571s] Level 1:colcon.colcon_core.environment:checking '/home/huhao/rm_vision/install/rm_gimbal_description/lib/python3.10/site-packages'
[0.571s] Level 1:colcon.colcon_core.environment:checking '/home/huhao/rm_vision/install/rm_gimbal_description/bin'
[0.572s] INFO:colcon.colcon_core.shell:Creating package script '/home/huhao/rm_vision/install/rm_gimbal_description/share/rm_gimbal_description/package.ps1'
[0.573s] INFO:colcon.colcon_core.shell:Creating package descriptor '/home/huhao/rm_vision/install/rm_gimbal_description/share/rm_gimbal_description/package.dsv'
[0.574s] INFO:colcon.colcon_core.shell:Creating package script '/home/huhao/rm_vision/install/rm_gimbal_description/share/rm_gimbal_description/package.sh'
[0.576s] INFO:colcon.colcon_core.shell:Creating package script '/home/huhao/rm_vision/install/rm_gimbal_description/share/rm_gimbal_description/package.bash'
[0.578s] INFO:colcon.colcon_core.shell:Creating package script '/home/huhao/rm_vision/install/rm_gimbal_description/share/rm_gimbal_description/package.zsh'
[0.579s] Level 1:colcon.colcon_core.environment:create_file_with_runtime_dependencies(/home/huhao/rm_vision/install/rm_gimbal_description/share/colcon-core/packages/rm_gimbal_description)
[0.580s] Level 1:colcon.colcon_core.environment:create_environment_scripts_only(rm_gimbal_description)
[0.580s] Level 1:colcon.colcon_core.environment:checking '/home/huhao/rm_vision/install/rm_gimbal_description' for CMake module files
[0.581s] Level 1:colcon.colcon_core.environment:checking '/home/huhao/rm_vision/install/rm_gimbal_description' for CMake config files
[0.581s] Level 1:colcon.colcon_core.shell:create_environment_hook('rm_gimbal_description', 'cmake_prefix_path')
[0.581s] INFO:colcon.colcon_core.shell:Creating environment hook '/home/huhao/rm_vision/install/rm_gimbal_description/share/rm_gimbal_description/hook/cmake_prefix_path.ps1'
[0.581s] INFO:colcon.colcon_core.shell:Creating environment descriptor '/home/huhao/rm_vision/install/rm_gimbal_description/share/rm_gimbal_description/hook/cmake_prefix_path.dsv'
[0.582s] INFO:colcon.colcon_core.shell:Creating environment hook '/home/huhao/rm_vision/install/rm_gimbal_description/share/rm_gimbal_description/hook/cmake_prefix_path.sh'
[0.583s] Level 1:colcon.colcon_core.environment:checking '/home/huhao/rm_vision/install/rm_gimbal_description/bin'
[0.583s] Level 1:colcon.colcon_core.environment:checking '/home/huhao/rm_vision/install/rm_gimbal_description/lib/pkgconfig/rm_gimbal_description.pc'
[0.583s] Level 1:colcon.colcon_core.environment:checking '/home/huhao/rm_vision/install/rm_gimbal_description/lib/python3.10/site-packages'
[0.583s] Level 1:colcon.colcon_core.environment:checking '/home/huhao/rm_vision/install/rm_gimbal_description/bin'
[0.584s] INFO:colcon.colcon_core.shell:Creating package script '/home/huhao/rm_vision/install/rm_gimbal_description/share/rm_gimbal_description/package.ps1'
[0.597s] INFO:colcon.colcon_core.shell:Creating package descriptor '/home/huhao/rm_vision/install/rm_gimbal_description/share/rm_gimbal_description/package.dsv'
[0.597s] INFO:colcon.colcon_core.shell:Creating package script '/home/huhao/rm_vision/install/rm_gimbal_description/share/rm_gimbal_description/package.sh'
[0.599s] INFO:colcon.colcon_core.shell:Creating package script '/home/huhao/rm_vision/install/rm_gimbal_description/share/rm_gimbal_description/package.bash'
[0.599s] INFO:colcon.colcon_core.shell:Creating package script '/home/huhao/rm_vision/install/rm_gimbal_description/share/rm_gimbal_description/package.zsh'
[0.600s] Level 1:colcon.colcon_core.environment:create_file_with_runtime_dependencies(/home/huhao/rm_vision/install/rm_gimbal_description/share/colcon-core/packages/rm_gimbal_description)
[0.745s] DEBUG:colcon.colcon_core.event_handler.log_command:Invoked command in '/home/huhao/rm_vision/build/joint_tf_publisher' returned '0': CMAKE_PREFIX_PATH=/opt/ros/humble /usr/bin/cmake --build /home/huhao/rm_vision/build/joint_tf_publisher -- -j6 -l6
[0.746s] DEBUG:colcon.colcon_core.event_handler.log_command:Invoking command in '/home/huhao/rm_vision/build/joint_tf_publisher': CMAKE_PREFIX_PATH=/opt/ros/humble /usr/bin/cmake --install /home/huhao/rm_vision/build/joint_tf_publisher
[0.797s] Level 1:colcon.colcon_core.environment:create_environment_scripts_only(joint_tf_publisher)
[0.800s] Level 1:colcon.colcon_core.environment:checking '/home/huhao/rm_vision/install/joint_tf_publisher' for CMake module files
[0.800s] Level 1:colcon.colcon_core.environment:checking '/home/huhao/rm_vision/install/joint_tf_publisher' for CMake config files
[0.801s] Level 1:colcon.colcon_core.shell:create_environment_hook('joint_tf_publisher', 'cmake_prefix_path')
[0.801s] INFO:colcon.colcon_core.shell:Creating environment hook '/home/huhao/rm_vision/install/joint_tf_publisher/share/joint_tf_publisher/hook/cmake_prefix_path.ps1'
[0.802s] DEBUG:colcon.colcon_core.event_handler.log_command:Invoked command in '/home/huhao/rm_vision/build/joint_tf_publisher' returned '0': CMAKE_PREFIX_PATH=/opt/ros/humble /usr/bin/cmake --install /home/huhao/rm_vision/build/joint_tf_publisher
[0.802s] INFO:colcon.colcon_core.shell:Creating environment descriptor '/home/huhao/rm_vision/install/joint_tf_publisher/share/joint_tf_publisher/hook/cmake_prefix_path.dsv'
[0.803s] INFO:colcon.colcon_core.shell:Creating environment hook '/home/huhao/rm_vision/install/joint_tf_publisher/share/joint_tf_publisher/hook/cmake_prefix_path.sh'
[0.803s] Level 1:colcon.colcon_core.environment:checking '/home/huhao/rm_vision/install/joint_tf_publisher/lib'
[0.803s] Level 1:colcon.colcon_core.environment:checking '/home/huhao/rm_vision/install/joint_tf_publisher/bin'
[0.804s] Level 1:colcon.colcon_core.environment:checking '/home/huhao/rm_vision/install/joint_tf_publisher/lib/pkgconfig/joint_tf_publisher.pc'
[0.804s] Level 1:colcon.colcon_core.environment:checking '/home/huhao/rm_vision/install/joint_tf_publisher/lib/python3.10/site-packages'
[0.804s] Level 1:colcon.colcon_core.environment:checking '/home/huhao/rm_vision/install/joint_tf_publisher/bin'
[0.805s] INFO:colcon.colcon_core.shell:Creating package script '/home/huhao/rm_vision/install/joint_tf_publisher/share/joint_tf_publisher/package.ps1'
[0.805s] INFO:colcon.colcon_core.shell:Creating package descriptor '/home/huhao/rm_vision/install/joint_tf_publisher/share/joint_tf_publisher/package.dsv'
[0.805s] INFO:colcon.colcon_core.shell:Creating package script '/home/huhao/rm_vision/install/joint_tf_publisher/share/joint_tf_publisher/package.sh'
[0.805s] INFO:colcon.colcon_core.shell:Creating package script '/home/huhao/rm_vision/install/joint_tf_publisher/share/joint_tf_publisher/package.bash'
[0.806s] INFO:colcon.colcon_core.shell:Creating package script '/home/huhao/rm_vision/install/joint_tf_publisher/share/joint_tf_publisher/package.zsh'
[0.806s] Level 1:colcon.colcon_core.environment:create_file_with_runtime_dependencies(/home/huhao/rm_vision/install/joint_tf_publisher/share/colcon-core/packages/joint_tf_publisher)
[0.806s] Level 1:colcon.colcon_core.environment:create_environment_scripts_only(joint_tf_publisher)
[0.807s] Level 1:colcon.colcon_core.environment:checking '/home/huhao/rm_vision/install/joint_tf_publisher' for CMake module files
[0.807s] Level 1:colcon.colcon_core.environment:checking '/home/huhao/rm_vision/install/joint_tf_publisher' for CMake config files
[0.807s] Level 1:colcon.colcon_core.shell:create_environment_hook('joint_tf_publisher', 'cmake_prefix_path')
[0.809s] INFO:colcon.colcon_core.shell:Creating environment hook '/home/huhao/rm_vision/install/joint_tf_publisher/share/joint_tf_publisher/hook/cmake_prefix_path.ps1'
[0.810s] INFO:colcon.colcon_core.shell:Creating environment descriptor '/home/huhao/rm_vision/install/joint_tf_publisher/share/joint_tf_publisher/hook/cmake_prefix_path.dsv'
[0.810s] INFO:colcon.colcon_core.shell:Creating environment hook '/home/huhao/rm_vision/install/joint_tf_publisher/share/joint_tf_publisher/hook/cmake_prefix_path.sh'
[0.813s] Level 1:colcon.colcon_core.environment:checking '/home/huhao/rm_vision/install/joint_tf_publisher/lib'
[0.813s] Level 1:colcon.colcon_core.environment:checking '/home/huhao/rm_vision/install/joint_tf_publisher/bin'
[0.813s] Level 1:colcon.colcon_core.environment:checking '/home/huhao/rm_vision/install/joint_tf_publisher/lib/pkgconfig/joint_tf_publisher.pc'
[0.813s] Level 1:colcon.colcon_core.environment:checking '/home/huhao/rm_vision/install/joint_tf_publisher/lib/python3.10/site-packages'
[0.814s] Level 1:colcon.colcon_core.environment:checking '/home/huhao/rm_vision/install/joint_tf_publisher/bin'
[0.814s] INFO:colcon.colcon_core.shell:Creating package script '/home/huhao/rm_vision/install/joint_tf_publisher/share/joint_tf_publisher/package.ps1'
[0.814s] INFO:colcon.colcon_core.shell:Creating package descriptor '/home/huhao/rm_vision/install/joint_tf_publisher/share/joint_tf_publisher/package.dsv'
[0.814s] INFO:colcon.colcon_core.shell:Creating package script '/home/huhao/rm_vision/install/joint_tf_publisher/share/joint_tf_publisher/package.sh'
[0.815s] INFO:colcon.colcon_core.shell:Creating package script '/home/huhao/rm_vision/install/joint_tf_publisher/share/joint_tf_publisher/package.bash'
[0.815s] INFO:colcon.colcon_core.shell:Creating package script '/home/huhao/rm_vision/install/joint_tf_publisher/share/joint_tf_publisher/package.zsh'
[0.817s] Level 1:colcon.colcon_core.environment:create_file_with_runtime_dependencies(/home/huhao/rm_vision/install/joint_tf_publisher/share/colcon-core/packages/joint_tf_publisher)
[1.426s] DEBUG:colcon.colcon_core.event_handler.log_command:Invoked command in '/home/huhao/rm_vision/build/camera' returned '2': CMAKE_PREFIX_PATH=/opt/ros/humble /usr/bin/cmake --build /home/huhao/rm_vision/build/camera -- -j6 -l6
[1.426s] Level 1:colcon.colcon_core.environment:create_environment_scripts_only(camera)
[1.426s] Level 1:colcon.colcon_core.environment:checking '/home/huhao/rm_vision/install/camera' for CMake module files
[1.427s] Level 1:colcon.colcon_core.environment:checking '/home/huhao/rm_vision/install/camera' for CMake config files
[1.427s] Level 1:colcon.colcon_core.environment:checking '/home/huhao/rm_vision/install/camera/bin'
[1.427s] Level 1:colcon.colcon_core.environment:checking '/home/huhao/rm_vision/install/camera/lib/pkgconfig/camera.pc'
[1.427s] Level 1:colcon.colcon_core.environment:checking '/home/huhao/rm_vision/install/camera/lib/python3.10/site-packages'
[1.427s] Level 1:colcon.colcon_core.environment:checking '/home/huhao/rm_vision/install/camera/bin'
[1.427s] INFO:colcon.colcon_core.shell:Creating package script '/home/huhao/rm_vision/install/camera/share/camera/package.ps1'
[1.428s] INFO:colcon.colcon_core.shell:Creating package descriptor '/home/huhao/rm_vision/install/camera/share/camera/package.dsv'
[1.429s] INFO:colcon.colcon_core.shell:Creating package script '/home/huhao/rm_vision/install/camera/share/camera/package.sh'
[1.429s] INFO:colcon.colcon_core.shell:Creating package script '/home/huhao/rm_vision/install/camera/share/camera/package.bash'
[1.429s] INFO:colcon.colcon_core.shell:Creating package script '/home/huhao/rm_vision/install/camera/share/camera/package.zsh'
[1.430s] Level 1:colcon.colcon_core.environment:create_file_with_runtime_dependencies(/home/huhao/rm_vision/install/camera/share/colcon-core/packages/camera)
[22.651s] DEBUG:colcon.colcon_parallel_executor.executor.parallel:closing loop
[22.651s] DEBUG:colcon.colcon_parallel_executor.executor.parallel:loop closed
[22.651s] DEBUG:colcon.colcon_parallel_executor.executor.parallel:run_until_complete finished with '2'
[22.651s] DEBUG:colcon.colcon_core.event_reactor:joining thread
[22.660s] INFO:colcon.colcon_core.plugin_system:Skipping extension 'colcon_notification.desktop_notification.terminal_notifier': Not used on non-Darwin systems
[22.660s] INFO:colcon.colcon_core.plugin_system:Skipping extension 'colcon_notification.desktop_notification.win32': Not used on non-Windows systems
[22.660s] INFO:colcon.colcon_notification.desktop_notification:Sending desktop notification using 'notify2'
[22.750s] DEBUG:colcon.colcon_core.event_reactor:joined thread
[22.750s] INFO:colcon.colcon_core.shell:Creating prefix script '/home/huhao/rm_vision/install/local_setup.ps1'
[22.751s] INFO:colcon.colcon_core.shell:Creating prefix util module '/home/huhao/rm_vision/install/_local_setup_util_ps1.py'
[22.755s] INFO:colcon.colcon_core.shell:Creating prefix chain script '/home/huhao/rm_vision/install/setup.ps1'
[22.756s] INFO:colcon.colcon_core.shell:Creating prefix script '/home/huhao/rm_vision/install/local_setup.sh'
[22.757s] INFO:colcon.colcon_core.shell:Creating prefix util module '/home/huhao/rm_vision/install/_local_setup_util_sh.py'
[22.757s] INFO:colcon.colcon_core.shell:Creating prefix chain script '/home/huhao/rm_vision/install/setup.sh'
[22.758s] INFO:colcon.colcon_core.shell:Creating prefix script '/home/huhao/rm_vision/install/local_setup.bash'
[22.759s] INFO:colcon.colcon_core.shell:Creating prefix chain script '/home/huhao/rm_vision/install/setup.bash'
[22.760s] INFO:colcon.colcon_core.shell:Creating prefix script '/home/huhao/rm_vision/install/local_setup.zsh'
[22.761s] INFO:colcon.colcon_core.shell:Creating prefix chain script '/home/huhao/rm_vision/install/setup.zsh'
