[0.028s] Invoking command in '/home/huhao/rm_vision/build/rm_gimbal_description': CMAKE_PREFIX_PATH=/opt/ros/humble /usr/bin/cmake --build /home/huhao/rm_vision/build/rm_gimbal_description -- -j6 -l6
[0.065s] Invoked command in '/home/huhao/rm_vision/build/rm_gimbal_description' returned '0': CMAKE_PREFIX_PATH=/opt/ros/humble /usr/bin/cmake --build /home/huhao/rm_vision/build/rm_gimbal_description -- -j6 -l6
[0.073s] Invoking command in '/home/huhao/rm_vision/build/rm_gimbal_description': CMAKE_PREFIX_PATH=/opt/ros/humble /usr/bin/cmake --install /home/huhao/rm_vision/build/rm_gimbal_description
[0.103s] -- Install configuration: ""
[0.103s] -- Up-to-date: /home/huhao/rm_vision/install/rm_gimbal_description/share/rm_gimbal_description/urdf
[0.103s] -- Up-to-date: /home/huhao/rm_vision/install/rm_gimbal_description/share/rm_gimbal_description/urdf/rm_gimbal.urdf.xacro
[0.103s] -- Up-to-date: /home/huhao/rm_vision/install/rm_gimbal_description/share/ament_index/resource_index/package_run_dependencies/rm_gimbal_description
[0.103s] -- Up-to-date: /home/huhao/rm_vision/install/rm_gimbal_description/share/ament_index/resource_index/parent_prefix_path/rm_gimbal_description
[0.103s] -- Up-to-date: /home/huhao/rm_vision/install/rm_gimbal_description/share/rm_gimbal_description/environment/ament_prefix_path.sh
[0.104s] -- Up-to-date: /home/huhao/rm_vision/install/rm_gimbal_description/share/rm_gimbal_description/environment/ament_prefix_path.dsv
[0.104s] -- Up-to-date: /home/huhao/rm_vision/install/rm_gimbal_description/share/rm_gimbal_description/environment/path.sh
[0.104s] -- Up-to-date: /home/huhao/rm_vision/install/rm_gimbal_description/share/rm_gimbal_description/environment/path.dsv
[0.104s] -- Up-to-date: /home/huhao/rm_vision/install/rm_gimbal_description/share/rm_gimbal_description/local_setup.bash
[0.104s] -- Up-to-date: /home/huhao/rm_vision/install/rm_gimbal_description/share/rm_gimbal_description/local_setup.sh
[0.104s] -- Up-to-date: /home/huhao/rm_vision/install/rm_gimbal_description/share/rm_gimbal_description/local_setup.zsh
[0.104s] -- Up-to-date: /home/huhao/rm_vision/install/rm_gimbal_description/share/rm_gimbal_description/local_setup.dsv
[0.104s] -- Installing: /home/huhao/rm_vision/install/rm_gimbal_description/share/rm_gimbal_description/package.dsv
[0.105s] -- Up-to-date: /home/huhao/rm_vision/install/rm_gimbal_description/share/ament_index/resource_index/packages/rm_gimbal_description
[0.105s] -- Up-to-date: /home/huhao/rm_vision/install/rm_gimbal_description/share/rm_gimbal_description/cmake/rm_gimbal_descriptionConfig.cmake
[0.105s] -- Up-to-date: /home/huhao/rm_vision/install/rm_gimbal_description/share/rm_gimbal_description/cmake/rm_gimbal_descriptionConfig-version.cmake
[0.105s] -- Up-to-date: /home/huhao/rm_vision/install/rm_gimbal_description/share/rm_gimbal_description/package.xml
[0.139s] Invoked command in '/home/huhao/rm_vision/build/rm_gimbal_description' returned '0': CMAKE_PREFIX_PATH=/opt/ros/humble /usr/bin/cmake --install /home/huhao/rm_vision/build/rm_gimbal_description
